<?xml version="1.0" encoding="UTF-8" ?>
<testsuite tests="4" failures="0" name="com.arith.service.ArithServiceTest" time="0.002" errors="0" skipped="0">
  <properties>
[...]
</properties>
  <testcase classname="com.arith.service.ArithServiceTest" name="addNegative" time="0.002"/>
  <testcase classname="com.arith.service.ArithServiceTest" name="add" time="0"/>
  <testcase classname="com.arith.service.ArithServiceTest" name="div" time="0"/>
  <testcase classname="com.arith.service.ArithServiceTest" name="sub" time="0"/>
</testsuite>